<?xml version="1.0" encoding="UTF-8" ?>
<testsuite tests="1" failures="0" name="searchposts.web.JerseyResourceTest" time="1.326" errors="1" skipped="0">
  <properties>
[...]
</properties>
  <testcase classname="searchposts.web.JerseyResourceTest" name="testGetHTML" time="1.326">
    <error message="JSONObject[&quot;items&quot;] not found." type="org.json.JSONException">org.json.JSONException: JSONObject[&quot;items&quot;] not found.
	at org.json.JSONObject.get(JSONObject.java:566)
	at org.json.JSONObject.getJSONArray(JSONObject.java:760)
	at searchposts.searchposts.api.Searcher.convertToHtml(Searcher.java:51)
	at searchposts.searchposts.api.Searcher.sendGet(Searcher.java:41)
	at searchposts.searchposts.api.Searcher.getPostsBySubject(Searcher.java:28)
	at searchposts.web.JerseyResource.getHTML(JerseyResource.java:26)
	at searchposts.web.JerseyResourceTest.testGetHTML(JerseyResourceTest.java:33)
	at sun.reflect.NativeMethodAccessorImpl.invoke0(Native Method)
	at sun.reflect.NativeMethodAccessorImpl.invoke(NativeMethodAccessorImpl.java:62)
	at sun.reflect.DelegatingMethodAccessorImpl.invoke(DelegatingMethodAccessorImpl.java:43)
	at java.lang.reflect.Method.invoke(Method.java:498)
	at org.junit.runners.model.FrameworkMethod$1.runReflectiveCall(FrameworkMethod.java:50)
	at org.junit.internal.runners.model.ReflectiveCallable.run(ReflectiveCallable.java:12)
	at org.junit.runners.model.FrameworkMethod.invokeExplosively(FrameworkMethod.java:47)
	at org.junit.internal.runners.statements.InvokeMethod.evaluate(InvokeMethod.java:17)
	at org.junit.runners.ParentRunner.runLeaf(ParentRunner.java:325)
	at org.junit.runners.BlockJUnit4ClassRunner.runChild(BlockJUnit4ClassRunner.java:78)
	at org.junit.runners.BlockJUnit4ClassRunner.runChild(BlockJUnit4ClassRunner.java:57)
	at org.junit.runners.ParentRunner$3.run(ParentRunner.java:290)
	at org.junit.runners.ParentRunner$1.schedule(ParentRunner.java:71)
	at org.junit.runners.ParentRunner.runChildren(ParentRunner.java:288)
	at org.junit.runners.ParentRunner.access$000(ParentRunner.java:58)
	at org.junit.runners.ParentRunner$2.evaluate(ParentRunner.java:268)
	at org.junit.runners.ParentRunner.run(ParentRunner.java:363)
	at org.apache.maven.surefire.junit4.JUnit4Provider.execute(JUnit4Provider.java:252)
	at org.apache.maven.surefire.junit4.JUnit4Provider.executeTestSet(JUnit4Provider.java:141)
	at org.apache.maven.surefire.junit4.JUnit4Provider.invoke(JUnit4Provider.java:112)
	at sun.reflect.NativeMethodAccessorImpl.invoke0(Native Method)
	at sun.reflect.NativeMethodAccessorImpl.invoke(NativeMethodAccessorImpl.java:62)
	at sun.reflect.DelegatingMethodAccessorImpl.invoke(DelegatingMethodAccessorImpl.java:43)
	at java.lang.reflect.Method.invoke(Method.java:498)
	at org.apache.maven.surefire.util.ReflectionUtils.invokeMethodWithArray(ReflectionUtils.java:189)
	at org.apache.maven.surefire.booter.ProviderFactory$ProviderProxy.invoke(ProviderFactory.java:165)
	at org.apache.maven.surefire.booter.ProviderFactory.invokeProvider(ProviderFactory.java:85)
	at org.apache.maven.surefire.booter.ForkedBooter.runSuitesInProcess(ForkedBooter.java:115)
	at org.apache.maven.surefire.booter.ForkedBooter.main(ForkedBooter.java:75)
</error>
    <system-out>getHTML
HTTP/1.1 400 Bad Request
</system-out>
    <system-err>фев 28, 2022 8:17:20 PM org.apache.http.client.protocol.ResponseProcessCookies processCookies
WARNING: Invalid cookie header: &quot;set-cookie: prov=1a3dbbde-4b54-40f0-aac2-8c4590768360; expires=Fri, 01 Jan 2055 00:00:00 GMT; domain=.stackexchange.com; path=/; secure; samesite=none; httponly&quot;. Invalid &apos;expires&apos; attribute: Fri, 01 Jan 2055 00:00:00 GMT
</system-err>
  </testcase>
</testsuite>